SF:lib/stride_range.dart
DA:11,2
DA:12,6
DA:14,3
DA:15,6
DA:29,1
DA:31,4
DA:32,2
DA:33,3
DA:39,1
DA:41,3
DA:42,2
DA:44,3
DA:47,1
DA:48,1
DA:49,3
DA:50,1
DA:51,2
DA:52,1
LF:18
LH:18
end_of_record
SF:lib/range.dart
DA:10,4
DA:11,4
DA:12,4
DA:14,3
DA:16,3
DA:17,3
DA:19,1
DA:24,1
DA:25,3
DA:28,1
DA:31,1
DA:32,6
DA:35,4
DA:36,1
DA:37,5
DA:41,1
DA:42,3
DA:46,2
DA:48,2
DA:49,8
DA:51,1
DA:52,1
DA:53,7
DA:55,5
DA:58,1
DA:59,2
DA:60,1
DA:72,1
DA:73,2
DA:74,1
DA:75,4
LF:31
LH:31
end_of_record
SF:lib/base_range.dart
DA:12,3
DA:15,3
DA:17,3
DA:18,6
DA:19,6
DA:21,3
DA:22,3
DA:23,6
DA:24,4
DA:26,3
DA:27,15
DA:32,3
DA:33,15
DA:39,12
DA:41,2
DA:42,2
DA:43,2
DA:45,8
DA:48,2
DA:49,2
DA:50,8
DA:52,2
DA:59,1
DA:60,1
DA:61,2
DA:63,2
DA:65,2
DA:66,12
DA:70,1
DA:71,3
DA:73,1
DA:75,2
DA:76,3
DA:79,2
DA:82,12
DA:83,12
DA:85,3
DA:86,3
DA:87,3
DA:89,11
DA:92,3
DA:93,3
DA:94,11
DA:96,3
LF:44
LH:44
end_of_record
