SF:lib/stride_range.dart
DA:11,2
DA:12,6
DA:14,3
DA:15,6
DA:29,1
DA:31,4
DA:32,2
DA:33,3
DA:39,1
DA:41,3
DA:42,2
DA:44,3
DA:47,1
DA:48,1
DA:49,3
DA:50,3
DA:51,1
LF:17
LH:17
end_of_record
SF:lib/range.dart
DA:10,4
DA:11,4
DA:12,4
DA:14,3
DA:16,3
DA:17,3
DA:19,1
DA:24,4
DA:27,1
DA:30,1
DA:31,6
DA:34,4
DA:35,1
DA:36,5
DA:40,1
DA:41,3
DA:45,2
DA:47,2
DA:48,8
DA:50,1
DA:51,1
DA:52,7
DA:54,5
DA:57,1
DA:58,2
DA:59,1
DA:71,1
DA:72,2
DA:73,1
DA:74,4
LF:30
LH:30
end_of_record
SF:lib/base_range.dart
DA:12,3
DA:15,3
DA:17,3
DA:18,6
DA:19,6
DA:21,3
DA:22,3
DA:23,6
DA:24,4
DA:26,3
DA:27,15
DA:32,3
DA:33,15
DA:39,12
DA:41,2
DA:42,2
DA:43,2
DA:45,8
DA:48,2
DA:49,2
DA:50,8
DA:52,2
DA:59,2
DA:61,2
DA:62,12
DA:66,1
DA:67,3
DA:69,1
DA:71,2
DA:72,3
DA:75,2
DA:78,12
DA:79,12
DA:81,3
DA:82,3
DA:83,3
DA:85,11
DA:88,3
DA:89,3
DA:90,11
DA:92,3
LF:41
LH:41
end_of_record
